
[0;34m=== Информация о системе ===[0m
2025-10-08 10:51:33 - Информация о процессоре:
2025-10-08 10:51:33 - Информация о памяти:
2025-10-08 10:51:33 - Информация о дисках:
2025-10-08 10:51:33 - Текущая загрузка системы:

[0;34m=== Очистка кэша пакетов ===[0m
2025-10-08 10:51:33 - Очистка кэша DNF...

[0;34m=== Очистка временных файлов ===[0m
2025-10-08 10:54:27 - Очистка временных файлов пользователя...
2025-10-08 10:54:28 - Очистка логов приложений...

[0;34m=== Завершение ресурсоемких процессов ===[0m
2025-10-08 10:54:28 - Поиск и завершение процессов, потребляющих много памяти...
2025-10-08 10:54:28 - Поиск и завершение зависших процессов...

[0;34m=== Оптимизация памяти и swap ===[0m
2025-10-08 10:54:28 - Очистка и оптимизация swap...
2025-10-08 10:54:28 - Настройка параметров памяти...
2025-10-08 10:54:28 - Очистка кэшей памяти...

[0;34m=== Оптимизация производительности CPU ===[0m
2025-10-08 10:54:28 - Установка режима производительности для CPU...

[0;34m=== Оптимизация I/O планировщиков ===[0m
2025-10-08 10:54:28 - Установка планировщика mq-deadline для SSD sda

[0;34m=== Оптимизация файловой системы ===[0m
2025-10-08 10:54:28 - Синхронизация файловых систем...
2025-10-08 10:54:28 - Планирование проверки файловых систем...

[0;34m=== Оптимизация для SSD ===[0m
2025-10-08 10:54:28 - Обнаружен SSD, применяем оптимизации...
2025-10-08 10:54:28 - Применение оптимизаций для SSD...

[0;34m=== Оптимизация графики ===[0m
2025-10-08 10:54:28 - Настройка переменных окружения для Mesa...

[0;34m=== Создание профиля производительности ===[0m
2025-10-08 10:54:29 - Профиль производительности создан и активирован

[0;34m=== Мониторинг производительности ===[0m
2025-10-08 10:54:29 - Топ процессов по использованию CPU:
2025-10-08 10:54:29 - Топ процессов по использованию памяти:
2025-10-08 10:54:29 - Использование диска:
